мая 23, 2023 6:43:38 AM ru.nsu.shapatin.factory.CommandFactory <init>
INFO: Loaded command POP with class ru.nsu.shapatin.commands.PopCommand
мая 23, 2023 6:43:38 AM ru.nsu.shapatin.factory.CommandFactory <init>
INFO: Loaded command PRINT with class ru.nsu.shapatin.commands.PrintCommand
мая 23, 2023 6:43:38 AM ru.nsu.shapatin.factory.CommandFactory <init>
INFO: Loaded command SQRT with class ru.nsu.shapatin.commands.SqrtCommand
мая 23, 2023 6:43:38 AM ru.nsu.shapatin.factory.CommandFactory <init>
INFO: Loaded command * with class ru.nsu.shapatin.commands.MultiplyCommand
мая 23, 2023 6:43:38 AM ru.nsu.shapatin.factory.CommandFactory <init>
INFO: Loaded command + with class ru.nsu.shapatin.commands.AddCommand
мая 23, 2023 6:43:38 AM ru.nsu.shapatin.factory.CommandFactory <init>
INFO: Loaded command - with class ru.nsu.shapatin.commands.SubtractCommand
мая 23, 2023 6:43:38 AM ru.nsu.shapatin.factory.CommandFactory <init>
INFO: Loaded command DEFINE with class ru.nsu.shapatin.commands.DefineCommand
мая 23, 2023 6:43:38 AM ru.nsu.shapatin.factory.CommandFactory <init>
INFO: Loaded command PUSH with class ru.nsu.shapatin.commands.PushCommand
мая 23, 2023 6:43:38 AM ru.nsu.shapatin.factory.CommandFactory <init>
INFO: Loaded command / with class ru.nsu.shapatin.commands.DivideCommand
мая 23, 2023 6:43:40 AM ru.nsu.shapatin.factory.CommandFactory getCommand
INFO: Making new instance of 	PUSH

мая 23, 2023 6:43:40 AM ru.nsu.shapatin.commands.PushCommand execute
INFO: Performed PUSH command: 4.0 is now on stack.
мая 23, 2023 6:43:42 AM ru.nsu.shapatin.factory.CommandFactory getCommand
INFO: Making new instance of 	PUSH

мая 23, 2023 6:43:42 AM ru.nsu.shapatin.commands.PushCommand execute
INFO: Performed PUSH command: 2.0 is now on stack.
мая 23, 2023 6:43:46 AM ru.nsu.shapatin.factory.CommandFactory getCommand
INFO: Making new instance of 	+

мая 23, 2023 6:43:46 AM ru.nsu.shapatin.commands.AddCommand execute
INFO: Performed addition: 4.0 + 2.0 = 6.0
мая 23, 2023 6:43:48 AM ru.nsu.shapatin.factory.CommandFactory getCommand
INFO: Making new instance of 	SQRT

мая 23, 2023 6:43:48 AM ru.nsu.shapatin.commands.SqrtCommand execute
INFO: Calculated square root: SQRT(6.0) = 2.449489742783178
мая 23, 2023 6:43:50 AM ru.nsu.shapatin.factory.CommandFactory getCommand
INFO: Making new instance of 	PRINT

мая 23, 2023 6:43:50 AM ru.nsu.shapatin.commands.PrintCommand execute
INFO: Performed PRINT command: 2.449489742783178 is now printed to specified file.
мая 23, 2023 6:43:52 AM ru.nsu.shapatin.IO.ResultWriter writeResult
INFO: The result has been written to D:\Proga\lab2\src\main\resources\result.txt
мая 23, 2023 6:43:53 AM ru.nsu.shapatin.application.Main main
INFO: Exit the program.
мая 23, 2023 6:43:53 AM ru.nsu.shapatin.application.Main main
INFO: Exit the program.
